[2026-07-04 14:01:44,282] INFO [sniper_bot.run_score_engine_test:24] 🚀 Запуск полигона Score Engine...
[2026-07-04 14:01:44,699] INFO [sniper_bot.run_score_engine_test:35] 📊 Данные загружены: BTC 15m, 100 свечей.
[2026-07-04 14:01:44,708] INFO [sniper_bot.run_score_engine_test:52] ⚙️ Индикаторы рассчитаны. Рабочих свечей: 74.
[2026-07-04 14:01:44,712] INFO [sniper_bot.run_score_engine_test:72] 🧩 Все компоненты для анализа собраны. Запускаю Score Engine...
[2026-07-04 14:01:44,712] INFO [sniper_bot.run_score_engine_test:110] ✅ Полигон Score Engine завершил работу.
[2026-07-04 19:11:55,764] INFO [sniper_bot.<module>:204] 🚀 Радар «СНАЙПЕР» онлайн. Версия 11.0 [Orchestrator Deterministic] запущена.
[2026-07-04 19:11:57,176] INFO [sniper_bot.market_scan:133] [19:11] Запуск сканирования | Режим: FULL | Сессия: ВНЕ KILL ZONE
[2026-07-04 19:11:57,177] INFO [sniper_bot.prepare_and_analyze:50] Анализ BTC...
[2026-07-04 19:11:57,945] INFO [sniper_bot.prepare_and_analyze:50] Анализ ETH...
[2026-07-04 19:11:58,808] INFO [sniper_bot.prepare_and_analyze:50] Анализ SOL...
[2026-07-04 19:11:59,561] INFO [sniper_bot.prepare_and_analyze:50] Анализ XRP...
[2026-07-04 19:12:00,325] INFO [sniper_bot.prepare_and_analyze:50] Анализ ADA...
[2026-07-04 19:12:01,158] INFO [sniper_bot.prepare_and_analyze:50] Анализ LINK...
[2026-07-04 19:12:01,905] INFO [sniper_bot.prepare_and_analyze:50] Анализ INJ...
[2026-07-04 19:12:02,684] INFO [sniper_bot.prepare_and_analyze:50] Анализ HYPE...
[2026-07-04 19:12:03,443] INFO [sniper_bot.prepare_and_analyze:50] Анализ LTC...
[2026-07-04 19:12:04,166] INFO [sniper_bot.prepare_and_analyze:50] Анализ DOT...
[2026-07-04 19:12:05,303] INFO [sniper_bot.<module>:216] 💤 Ожидаю закрытия свечи. Следующий запуск в: 19:15:05
[2026-07-04 19:15:06,142] INFO [sniper_bot.market_scan:133] [19:15] Запуск сканирования | Режим: HUNT | Сессия: ВНЕ KILL ZONE
[2026-07-04 19:15:06,143] INFO [sniper_bot.prepare_and_analyze:50] Анализ BTC...
[2026-07-04 19:15:06,930] INFO [sniper_bot.prepare_and_analyze:50] Анализ ETH...
[2026-07-04 19:15:07,697] INFO [sniper_bot.prepare_and_analyze:50] Анализ SOL...
[2026-07-04 19:15:08,466] INFO [sniper_bot.prepare_and_analyze:50] Анализ XRP...
[2026-07-04 19:15:09,281] INFO [sniper_bot.prepare_and_analyze:50] Анализ ADA...
[2026-07-04 19:15:10,100] INFO [sniper_bot.prepare_and_analyze:50] Анализ LINK...
[2026-07-04 19:15:10,922] INFO [sniper_bot.prepare_and_analyze:50] Анализ INJ...
[2026-07-04 19:15:11,735] INFO [sniper_bot.prepare_and_analyze:50] Анализ HYPE...
[2026-07-04 19:15:12,467] INFO [sniper_bot.prepare_and_analyze:50] Анализ LTC...
[2026-07-04 19:15:13,274] INFO [sniper_bot.prepare_and_analyze:50] Анализ DOT...
[2026-07-04 19:15:14,341] INFO [sniper_bot.<module>:216] 💤 Ожидаю закрытия свечи. Следующий запуск в: 19:30:05
[2026-07-04 19:30:06,327] INFO [sniper_bot.market_scan:133] [19:30] Запуск сканирования | Режим: HUNT | Сессия: ВНЕ KILL ZONE
[2026-07-04 19:30:06,328] INFO [sniper_bot.prepare_and_analyze:50] Анализ BTC...
[2026-07-04 19:30:07,194] INFO [sniper_bot.prepare_and_analyze:50] Анализ ETH...
[2026-07-04 19:30:07,924] INFO [sniper_bot.prepare_and_analyze:50] Анализ SOL...
[2026-07-04 19:30:08,777] INFO [sniper_bot.prepare_and_analyze:50] Анализ XRP...
[2026-07-04 19:30:09,676] INFO [sniper_bot.prepare_and_analyze:50] Анализ ADA...
[2026-07-04 19:30:10,495] INFO [sniper_bot.prepare_and_analyze:50] Анализ LINK...
[2026-07-04 19:30:11,225] INFO [sniper_bot.prepare_and_analyze:50] Анализ INJ...
[2026-07-04 19:30:12,031] INFO [sniper_bot.prepare_and_analyze:50] Анализ HYPE...
[2026-07-04 19:30:12,764] INFO [sniper_bot.prepare_and_analyze:50] Анализ LTC...
[2026-07-04 19:30:13,493] INFO [sniper_bot.prepare_and_analyze:50] Анализ DOT...
[2026-07-04 19:30:14,601] INFO [sniper_bot.<module>:216] 💤 Ожидаю закрытия свечи. Следующий запуск в: 19:45:05
[2026-07-04 19:45:06,280] INFO [sniper_bot.market_scan:133] [19:45] Запуск сканирования | Режим: HUNT | Сессия: ВНЕ KILL ZONE
[2026-07-04 19:45:06,280] INFO [sniper_bot.prepare_and_analyze:50] Анализ BTC...
[2026-07-04 19:45:07,160] INFO [sniper_bot.prepare_and_analyze:50] Анализ ETH...
[2026-07-04 19:45:07,973] INFO [sniper_bot.prepare_and_analyze:50] Анализ SOL...
[2026-07-04 19:45:08,790] INFO [sniper_bot.prepare_and_analyze:50] Анализ XRP...
[2026-07-04 19:45:09,581] INFO [sniper_bot.prepare_and_analyze:50] Анализ ADA...
[2026-07-04 19:45:10,326] INFO [sniper_bot.prepare_and_analyze:50] Анализ LINK...
[2026-07-04 19:45:11,184] INFO [sniper_bot.prepare_and_analyze:50] Анализ INJ...
[2026-07-04 19:45:11,966] INFO [sniper_bot.prepare_and_analyze:50] Анализ HYPE...
[2026-07-04 19:45:12,724] INFO [sniper_bot.prepare_and_analyze:50] Анализ LTC...
[2026-07-04 19:45:13,497] INFO [sniper_bot.prepare_and_analyze:50] Анализ DOT...
[2026-07-04 19:45:14,526] INFO [sniper_bot.<module>:216] 💤 Ожидаю закрытия свечи. Следующий запуск в: 20:00:05
[2026-07-04 20:00:06,504] INFO [sniper_bot.market_scan:133] [20:00] Запуск сканирования | Режим: HUNT | Сессия: ВНЕ KILL ZONE
[2026-07-04 20:00:06,506] INFO [sniper_bot.prepare_and_analyze:50] Анализ BTC...
[2026-07-04 20:00:07,232] INFO [sniper_bot.prepare_and_analyze:50] Анализ ETH...
[2026-07-04 20:00:08,022] INFO [sniper_bot.prepare_and_analyze:50] Анализ SOL...
[2026-07-04 20:00:08,821] INFO [sniper_bot.prepare_and_analyze:50] Анализ XRP...
[2026-07-04 20:00:09,581] INFO [sniper_bot.prepare_and_analyze:50] Анализ ADA...
[2026-07-04 20:00:10,355] INFO [sniper_bot.prepare_and_analyze:50] Анализ LINK...
[2026-07-04 20:00:11,273] INFO [sniper_bot.prepare_and_analyze:50] Анализ INJ...
[2026-07-04 20:00:12,434] INFO [sniper_bot.prepare_and_analyze:50] Анализ HYPE...
[2026-07-04 20:00:13,220] INFO [sniper_bot.prepare_and_analyze:50] Анализ LTC...
[2026-07-04 20:00:14,293] INFO [sniper_bot.prepare_and_analyze:50] Анализ DOT...
[2026-07-04 20:00:15,480] INFO [sniper_bot.<module>:216] 💤 Ожидаю закрытия свечи. Следующий запуск в: 20:15:05
[2026-07-04 20:15:06,408] INFO [sniper_bot.market_scan:133] [20:15] Запуск сканирования | Режим: HUNT | Сессия: ВНЕ KILL ZONE
[2026-07-04 20:15:06,409] INFO [sniper_bot.prepare_and_analyze:50] Анализ BTC...
[2026-07-04 20:15:07,221] INFO [sniper_bot.prepare_and_analyze:50] Анализ ETH...
[2026-07-04 20:15:07,965] INFO [sniper_bot.prepare_and_analyze:50] Анализ SOL...
[2026-07-04 20:15:08,747] INFO [sniper_bot.prepare_and_analyze:50] Анализ XRP...
[2026-07-04 20:15:09,522] INFO [sniper_bot.prepare_and_analyze:50] Анализ ADA...
[2026-07-04 20:15:10,387] INFO [sniper_bot.prepare_and_analyze:50] Анализ LINK...
[2026-07-04 20:15:11,499] INFO [sniper_bot.prepare_and_analyze:50] Анализ INJ...
[2026-07-04 20:15:12,290] INFO [sniper_bot.prepare_and_analyze:50] Анализ HYPE...
[2026-07-04 20:15:13,154] INFO [sniper_bot.prepare_and_analyze:50] Анализ LTC...
[2026-07-04 20:15:13,912] INFO [sniper_bot.prepare_and_analyze:50] Анализ DOT...
[2026-07-04 20:15:14,965] INFO [sniper_bot.<module>:216] 💤 Ожидаю закрытия свечи. Следующий запуск в: 20:30:05
[2026-07-10 11:12:36,206] WARNING [sniper_bot.evaluate_trend:148] Недостаточно данных для оценки тренда.
[2026-07-10 11:12:44,038] WARNING [sniper_bot.evaluate_trend:148] Недостаточно данных для оценки тренда.
[2026-07-10 11:13:19,514] WARNING [sniper_bot.evaluate_trend:148] Недостаточно данных для оценки тренда.
[2026-07-10 11:19:57,097] WARNING [sniper_bot.evaluate_trend:148] Недостаточно данных для оценки тренда.
[2026-07-10 11:20:02,910] WARNING [sniper_bot.evaluate_trend:148] Недостаточно данных для оценки тренда.
[2026-07-10 11:24:21,785] WARNING [sniper_bot.evaluate_trend:148] Недостаточно данных для оценки тренда.
[2026-07-10 11:25:10,032] WARNING [sniper_bot.evaluate_trend:148] Недостаточно данных для оценки тренда.
[2026-07-10 11:25:17,770] WARNING [sniper_bot.evaluate_trend:148] Недостаточно данных для оценки тренда.
[2026-07-10 11:33:45,441] WARNING [sniper_bot.evaluate_trend:148] Недостаточно данных для оценки тренда.
[2026-07-10 11:37:21,839] WARNING [sniper_bot.evaluate_trend:148] Недостаточно данных для оценки тренда.
[2026-07-10 11:41:15,394] WARNING [sniper_bot.evaluate_trend:148] Недостаточно данных для оценки тренда.
[2026-07-10 11:48:17,311] WARNING [sniper_bot.evaluate_trend:148] Недостаточно данных для оценки тренда.
[2026-07-10 11:48:51,982] WARNING [sniper_bot.evaluate_trend:148] Недостаточно данных для оценки тренда.
[2026-07-10 11:49:15,310] WARNING [sniper_bot.evaluate_trend:148] Недостаточно данных для оценки тренда.
[2026-07-10 11:49:22,882] WARNING [sniper_bot.evaluate_trend:148] Недостаточно данных для оценки тренда.
[2026-07-10 11:55:45,195] WARNING [sniper_bot.evaluate_trend:148] Недостаточно данных для оценки тренда.
[2026-07-10 11:59:25,539] WARNING [sniper_bot.evaluate_trend:148] Недостаточно данных для оценки тренда.
[2026-07-10 12:05:16,868] WARNING [sniper_bot.evaluate_trend:148] Недостаточно данных для оценки тренда.
[2026-07-10 12:09:06,084] WARNING [sniper_bot.evaluate_trend:148] Недостаточно данных для оценки тренда.
[2026-07-10 12:10:09,349] WARNING [sniper_bot.evaluate_trend:148] Недостаточно данных для оценки тренда.
[2026-07-10 12:10:47,629] WARNING [sniper_bot.evaluate_trend:148] Недостаточно данных для оценки тренда.
[2026-07-10 12:11:17,648] WARNING [sniper_bot.evaluate_trend:148] Недостаточно данных для оценки тренда.
[2026-07-10 17:19:38,692] WARNING [sniper_bot.evaluate_trend:148] Недостаточно данных для оценки тренда.
[2026-07-10 17:20:31,569] WARNING [sniper_bot.evaluate_trend:148] Недостаточно данных для оценки тренда.
[2026-07-10 17:34:41,157] WARNING [sniper_bot.evaluate_trend:148] Недостаточно данных для оценки тренда.
[2026-07-10 17:34:49,704] WARNING [sniper_bot.evaluate_trend:148] Недостаточно данных для оценки тренда.
[2026-07-10 18:35:41,638] WARNING [sniper_bot.evaluate_trend:148] Недостаточно данных для оценки тренда.
[2026-07-10 18:35:41,775] WARNING [sniper_bot.send_telegram_blocks:88] Dashboard block exceeds Telegram safe length; splitting it by lines.
[2026-07-10 18:37:02,756] WARNING [sniper_bot.evaluate_trend:148] Недостаточно данных для оценки тренда.
[2026-07-10 18:37:02,901] WARNING [sniper_bot.send_telegram_blocks:88] Dashboard block exceeds Telegram safe length; splitting it by lines.
[2026-07-10 18:55:18,706] WARNING [sniper_bot.evaluate_trend:148] Недостаточно данных для оценки тренда.
[2026-07-10 18:55:18,848] WARNING [sniper_bot.evaluate_trend:148] Недостаточно данных для оценки тренда.
[2026-07-10 18:55:18,952] WARNING [sniper_bot.evaluate_trend:148] Недостаточно данных для оценки тренда.
[2026-07-10 18:55:19,082] WARNING [sniper_bot.send_telegram_blocks:88] Dashboard block exceeds Telegram safe length; splitting it by lines.
[2026-07-10 18:55:39,617] WARNING [sniper_bot.evaluate_trend:148] Недостаточно данных для оценки тренда.
[2026-07-10 18:55:39,759] WARNING [sniper_bot.evaluate_trend:148] Недостаточно данных для оценки тренда.
[2026-07-10 18:55:39,865] WARNING [sniper_bot.evaluate_trend:148] Недостаточно данных для оценки тренда.
[2026-07-10 18:55:40,007] WARNING [sniper_bot.send_telegram_blocks:88] Dashboard block exceeds Telegram safe length; splitting it by lines.
[2026-07-10 18:55:55,821] WARNING [sniper_bot.evaluate_trend:148] Недостаточно данных для оценки тренда.
[2026-07-10 18:55:55,959] WARNING [sniper_bot.evaluate_trend:148] Недостаточно данных для оценки тренда.
[2026-07-10 18:55:56,063] WARNING [sniper_bot.evaluate_trend:148] Недостаточно данных для оценки тренда.
[2026-07-10 18:55:56,190] WARNING [sniper_bot.send_telegram_blocks:88] Dashboard block exceeds Telegram safe length; splitting it by lines.
[2026-07-10 18:56:39,548] WARNING [sniper_bot.evaluate_trend:148] Недостаточно данных для оценки тренда.
[2026-07-10 18:56:39,690] WARNING [sniper_bot.evaluate_trend:148] Недостаточно данных для оценки тренда.
[2026-07-10 18:56:39,795] WARNING [sniper_bot.evaluate_trend:148] Недостаточно данных для оценки тренда.
[2026-07-10 18:56:39,925] WARNING [sniper_bot.send_telegram_blocks:88] Dashboard block exceeds Telegram safe length; splitting it by lines.
[2026-07-10 18:58:33,791] WARNING [sniper_bot.evaluate_trend:148] Недостаточно данных для оценки тренда.
[2026-07-10 18:58:33,936] WARNING [sniper_bot.evaluate_trend:148] Недостаточно данных для оценки тренда.
[2026-07-10 18:58:34,051] WARNING [sniper_bot.evaluate_trend:148] Недостаточно данных для оценки тренда.
[2026-07-10 18:58:34,218] WARNING [sniper_bot.send_telegram_blocks:88] Dashboard block exceeds Telegram safe length; splitting it by lines.
[2026-07-10 19:09:40,381] WARNING [sniper_bot.evaluate_trend:148] Недостаточно данных для оценки тренда.
[2026-07-10 19:09:40,521] WARNING [sniper_bot.evaluate_trend:148] Недостаточно данных для оценки тренда.
[2026-07-10 19:09:40,643] WARNING [sniper_bot.evaluate_trend:148] Недостаточно данных для оценки тренда.
[2026-07-10 19:09:40,803] WARNING [sniper_bot.send_telegram_blocks:89] Dashboard block exceeds Telegram safe length; splitting it by lines.
[2026-07-10 19:10:21,842] WARNING [sniper_bot.evaluate_trend:148] Недостаточно данных для оценки тренда.
[2026-07-10 19:10:21,993] WARNING [sniper_bot.evaluate_trend:148] Недостаточно данных для оценки тренда.
[2026-07-10 19:10:22,099] WARNING [sniper_bot.evaluate_trend:148] Недостаточно данных для оценки тренда.
[2026-07-10 19:10:22,176] WARNING [sniper_bot.evaluate_trend:148] Недостаточно данных для оценки тренда.
[2026-07-10 19:10:22,304] WARNING [sniper_bot.send_telegram_blocks:89] Dashboard block exceeds Telegram safe length; splitting it by lines.
[2026-07-10 19:11:08,882] WARNING [sniper_bot.evaluate_trend:148] Недостаточно данных для оценки тренда.
[2026-07-10 19:11:09,047] WARNING [sniper_bot.evaluate_trend:148] Недостаточно данных для оценки тренда.
[2026-07-10 19:11:09,153] WARNING [sniper_bot.evaluate_trend:148] Недостаточно данных для оценки тренда.
[2026-07-10 19:11:09,234] WARNING [sniper_bot.evaluate_trend:148] Недостаточно данных для оценки тренда.
[2026-07-10 19:11:09,363] WARNING [sniper_bot.send_telegram_blocks:89] Dashboard block exceeds Telegram safe length; splitting it by lines.
[2026-07-10 19:17:26,864] WARNING [sniper_bot.evaluate_trend:148] Недостаточно данных для оценки тренда.
[2026-07-10 19:17:27,045] WARNING [sniper_bot.evaluate_trend:148] Недостаточно данных для оценки тренда.
[2026-07-10 19:17:27,206] WARNING [sniper_bot.evaluate_trend:148] Недостаточно данных для оценки тренда.
[2026-07-10 19:17:27,285] WARNING [sniper_bot.evaluate_trend:148] Недостаточно данных для оценки тренда.
[2026-07-10 19:17:27,362] WARNING [sniper_bot.evaluate_trend:148] Недостаточно данных для оценки тренда.
[2026-07-10 19:17:27,491] WARNING [sniper_bot.send_telegram_blocks:92] Dashboard block exceeds Telegram safe length; splitting it by lines.
[2026-07-10 19:18:33,737] WARNING [sniper_bot.evaluate_trend:148] Недостаточно данных для оценки тренда.
[2026-07-10 19:18:33,874] WARNING [sniper_bot.evaluate_trend:148] Недостаточно данных для оценки тренда.
[2026-07-10 19:18:34,032] WARNING [sniper_bot.evaluate_trend:148] Недостаточно данных для оценки тренда.
[2026-07-10 19:18:34,112] WARNING [sniper_bot.evaluate_trend:148] Недостаточно данных для оценки тренда.
[2026-07-10 19:18:34,189] WARNING [sniper_bot.evaluate_trend:148] Недостаточно данных для оценки тренда.
[2026-07-10 19:18:34,316] WARNING [sniper_bot.send_telegram_blocks:92] Dashboard block exceeds Telegram safe length; splitting it by lines.
[2026-07-10 19:18:42,221] WARNING [sniper_bot.evaluate_trend:148] Недостаточно данных для оценки тренда.
[2026-07-10 19:18:42,363] WARNING [sniper_bot.evaluate_trend:148] Недостаточно данных для оценки тренда.
[2026-07-10 19:18:42,522] WARNING [sniper_bot.evaluate_trend:148] Недостаточно данных для оценки тренда.
[2026-07-10 19:18:42,601] WARNING [sniper_bot.evaluate_trend:148] Недостаточно данных для оценки тренда.
[2026-07-10 19:18:42,683] WARNING [sniper_bot.evaluate_trend:148] Недостаточно данных для оценки тренда.
[2026-07-10 19:18:42,813] WARNING [sniper_bot.send_telegram_blocks:92] Dashboard block exceeds Telegram safe length; splitting it by lines.
[2026-07-10 19:19:51,109] WARNING [sniper_bot.evaluate_trend:148] Недостаточно данных для оценки тренда.
[2026-07-10 19:19:51,246] WARNING [sniper_bot.evaluate_trend:148] Недостаточно данных для оценки тренда.
[2026-07-10 19:19:51,403] WARNING [sniper_bot.evaluate_trend:148] Недостаточно данных для оценки тренда.
[2026-07-10 19:19:51,480] WARNING [sniper_bot.evaluate_trend:148] Недостаточно данных для оценки тренда.
[2026-07-10 19:19:51,557] WARNING [sniper_bot.evaluate_trend:148] Недостаточно данных для оценки тренда.
[2026-07-10 19:19:51,701] WARNING [sniper_bot.send_telegram_blocks:92] Dashboard block exceeds Telegram safe length; splitting it by lines.
[2026-07-10 19:25:23,370] WARNING [sniper_bot.evaluate_trend:148] Недостаточно данных для оценки тренда.
[2026-07-10 19:25:23,509] WARNING [sniper_bot.evaluate_trend:148] Недостаточно данных для оценки тренда.
[2026-07-10 19:25:23,671] WARNING [sniper_bot.evaluate_trend:148] Недостаточно данных для оценки тренда.
[2026-07-10 19:25:23,751] WARNING [sniper_bot.evaluate_trend:148] Недостаточно данных для оценки тренда.
[2026-07-10 19:25:23,830] WARNING [sniper_bot.evaluate_trend:148] Недостаточно данных для оценки тренда.
[2026-07-10 19:25:23,958] WARNING [sniper_bot.send_telegram_blocks:92] Dashboard block exceeds Telegram safe length; splitting it by lines.
[2026-07-10 19:40:11,591] WARNING [sniper_bot.evaluate_trend:148] Недостаточно данных для оценки тренда.
[2026-07-10 19:40:11,756] WARNING [sniper_bot.evaluate_trend:148] Недостаточно данных для оценки тренда.
[2026-07-10 19:40:11,926] WARNING [sniper_bot.evaluate_trend:148] Недостаточно данных для оценки тренда.
[2026-07-10 19:40:12,006] WARNING [sniper_bot.evaluate_trend:148] Недостаточно данных для оценки тренда.
[2026-07-10 19:40:12,084] WARNING [sniper_bot.evaluate_trend:148] Недостаточно данных для оценки тренда.
[2026-07-10 19:40:12,215] WARNING [sniper_bot.send_telegram_blocks:92] Dashboard block exceeds Telegram safe length; splitting it by lines.
